\BOOKMARK [1][-]{section.1}{\376\377\0001\000\040\000C\000l\000a\000s\000s\000\040\000I\000n\000d\000e\000x}{}% 1
\BOOKMARK [2][-]{subsection.1.1}{\376\377\0001\000.\0001\000\040\000C\000l\000a\000s\000s\000\040\000L\000i\000s\000t}{section.1}% 2
\BOOKMARK [1][-]{section.2}{\376\377\0002\000\040\000F\000i\000l\000e\000\040\000I\000n\000d\000e\000x}{}% 3
\BOOKMARK [2][-]{subsection.2.1}{\376\377\0002\000.\0001\000\040\000F\000i\000l\000e\000\040\000L\000i\000s\000t}{section.2}% 4
\BOOKMARK [1][-]{section.3}{\376\377\0003\000\040\000C\000l\000a\000s\000s\000\040\000D\000o\000c\000u\000m\000e\000n\000t\000a\000t\000i\000o\000n}{}% 5
\BOOKMARK [2][-]{subsection.3.1}{\376\377\0003\000.\0001\000\040\000j\000o\000y\000S\000t\000a\000t\000e\000\040\000S\000t\000r\000u\000c\000t\000\040\000R\000e\000f\000e\000r\000e\000n\000c\000e}{section.3}% 6
\BOOKMARK [3][-]{subsubsection.3.1.1}{\376\377\0003\000.\0001\000.\0001\000\040\000D\000e\000t\000a\000i\000l\000e\000d\000\040\000D\000e\000s\000c\000r\000i\000p\000t\000i\000o\000n}{subsection.3.1}% 7
\BOOKMARK [3][-]{subsubsection.3.1.2}{\376\377\0003\000.\0001\000.\0002\000\040\000M\000e\000m\000b\000e\000r\000\040\000D\000a\000t\000a\000\040\000D\000o\000c\000u\000m\000e\000n\000t\000a\000t\000i\000o\000n}{subsection.3.1}% 8
\BOOKMARK [2][-]{subsection.3.2}{\376\377\0003\000.\0002\000\040\000M\000o\000t\000o\000r\000G\000r\000o\000u\000p\000\040\000S\000t\000r\000u\000c\000t\000\040\000R\000e\000f\000e\000r\000e\000n\000c\000e}{section.3}% 9
\BOOKMARK [3][-]{subsubsection.3.2.1}{\376\377\0003\000.\0002\000.\0001\000\040\000D\000e\000t\000a\000i\000l\000e\000d\000\040\000D\000e\000s\000c\000r\000i\000p\000t\000i\000o\000n}{subsection.3.2}% 10
\BOOKMARK [3][-]{subsubsection.3.2.2}{\376\377\0003\000.\0002\000.\0002\000\040\000M\000e\000m\000b\000e\000r\000\040\000D\000a\000t\000a\000\040\000D\000o\000c\000u\000m\000e\000n\000t\000a\000t\000i\000o\000n}{subsection.3.2}% 11
\BOOKMARK [1][-]{section.4}{\376\377\0004\000\040\000F\000i\000l\000e\000\040\000D\000o\000c\000u\000m\000e\000n\000t\000a\000t\000i\000o\000n}{}% 12
\BOOKMARK [2][-]{subsection.4.1}{\376\377\0004\000.\0001\000\040\000i\000n\000c\000l\000u\000d\000e\000/\000a\000u\000t\000o\000n\000r\000e\000c\000o\000r\000d\000e\000r\000.\000h\000\040\000F\000i\000l\000e\000\040\000R\000e\000f\000e\000r\000e\000n\000c\000e}{section.4}% 13
\BOOKMARK [3][-]{subsubsection.4.1.1}{\376\377\0004\000.\0001\000.\0001\000\040\000D\000e\000t\000a\000i\000l\000e\000d\000\040\000D\000e\000s\000c\000r\000i\000p\000t\000i\000o\000n}{subsection.4.1}% 14
\BOOKMARK [3][-]{subsubsection.4.1.2}{\376\377\0004\000.\0001\000.\0002\000\040\000M\000a\000c\000r\000o\000\040\000D\000e\000f\000i\000n\000i\000t\000i\000o\000n\000\040\000D\000o\000c\000u\000m\000e\000n\000t\000a\000t\000i\000o\000n}{subsection.4.1}% 15
\BOOKMARK [3][-]{subsubsection.4.1.3}{\376\377\0004\000.\0001\000.\0003\000\040\000T\000y\000p\000e\000d\000e\000f\000\040\000D\000o\000c\000u\000m\000e\000n\000t\000a\000t\000i\000o\000n}{subsection.4.1}% 16
\BOOKMARK [3][-]{subsubsection.4.1.4}{\376\377\0004\000.\0001\000.\0004\000\040\000F\000u\000n\000c\000t\000i\000o\000n\000\040\000D\000o\000c\000u\000m\000e\000n\000t\000a\000t\000i\000o\000n}{subsection.4.1}% 17
\BOOKMARK [3][-]{subsubsection.4.1.5}{\376\377\0004\000.\0001\000.\0005\000\040\000V\000a\000r\000i\000a\000b\000l\000e\000\040\000D\000o\000c\000u\000m\000e\000n\000t\000a\000t\000i\000o\000n}{subsection.4.1}% 18
\BOOKMARK [2][-]{subsection.4.2}{\376\377\0004\000.\0002\000\040\000a\000u\000t\000o\000n\000r\000e\000c\000o\000r\000d\000e\000r\000.\000h}{section.4}% 19
\BOOKMARK [2][-]{subsection.4.3}{\376\377\0004\000.\0003\000\040\000i\000n\000c\000l\000u\000d\000e\000/\000a\000u\000t\000o\000n\000r\000o\000u\000t\000i\000n\000e\000s\000.\000h\000\040\000F\000i\000l\000e\000\040\000R\000e\000f\000e\000r\000e\000n\000c\000e}{section.4}% 20
\BOOKMARK [3][-]{subsubsection.4.3.1}{\376\377\0004\000.\0003\000.\0001\000\040\000D\000e\000t\000a\000i\000l\000e\000d\000\040\000D\000e\000s\000c\000r\000i\000p\000t\000i\000o\000n}{subsection.4.3}% 21
\BOOKMARK [3][-]{subsubsection.4.3.2}{\376\377\0004\000.\0003\000.\0002\000\040\000M\000a\000c\000r\000o\000\040\000D\000e\000f\000i\000n\000i\000t\000i\000o\000n\000\040\000D\000o\000c\000u\000m\000e\000n\000t\000a\000t\000i\000o\000n}{subsection.4.3}% 22
\BOOKMARK [3][-]{subsubsection.4.3.3}{\376\377\0004\000.\0003\000.\0003\000\040\000F\000u\000n\000c\000t\000i\000o\000n\000\040\000D\000o\000c\000u\000m\000e\000n\000t\000a\000t\000i\000o\000n}{subsection.4.3}% 23
\BOOKMARK [2][-]{subsection.4.4}{\376\377\0004\000.\0004\000\040\000a\000u\000t\000o\000n\000r\000o\000u\000t\000i\000n\000e\000s\000.\000h}{section.4}% 24
\BOOKMARK [2][-]{subsection.4.5}{\376\377\0004\000.\0005\000\040\000i\000n\000c\000l\000u\000d\000e\000/\000b\000i\000t\000w\000i\000s\000e\000.\000h\000\040\000F\000i\000l\000e\000\040\000R\000e\000f\000e\000r\000e\000n\000c\000e}{section.4}% 25
\BOOKMARK [3][-]{subsubsection.4.5.1}{\376\377\0004\000.\0005\000.\0001\000\040\000D\000e\000t\000a\000i\000l\000e\000d\000\040\000D\000e\000s\000c\000r\000i\000p\000t\000i\000o\000n}{subsection.4.5}% 26
\BOOKMARK [3][-]{subsubsection.4.5.2}{\376\377\0004\000.\0005\000.\0002\000\040\000M\000a\000c\000r\000o\000\040\000D\000e\000f\000i\000n\000i\000t\000i\000o\000n\000\040\000D\000o\000c\000u\000m\000e\000n\000t\000a\000t\000i\000o\000n}{subsection.4.5}% 27
\BOOKMARK [2][-]{subsection.4.6}{\376\377\0004\000.\0006\000\040\000b\000i\000t\000w\000i\000s\000e\000.\000h}{section.4}% 28
\BOOKMARK [2][-]{subsection.4.7}{\376\377\0004\000.\0007\000\040\000i\000n\000c\000l\000u\000d\000e\000/\000c\000o\000n\000s\000t\000a\000n\000t\000s\000.\000h\000\040\000F\000i\000l\000e\000\040\000R\000e\000f\000e\000r\000e\000n\000c\000e}{section.4}% 29
\BOOKMARK [3][-]{subsubsection.4.7.1}{\376\377\0004\000.\0007\000.\0001\000\040\000D\000e\000t\000a\000i\000l\000e\000d\000\040\000D\000e\000s\000c\000r\000i\000p\000t\000i\000o\000n}{subsection.4.7}% 30
\BOOKMARK [3][-]{subsubsection.4.7.2}{\376\377\0004\000.\0007\000.\0002\000\040\000M\000a\000c\000r\000o\000\040\000D\000e\000f\000i\000n\000i\000t\000i\000o\000n\000\040\000D\000o\000c\000u\000m\000e\000n\000t\000a\000t\000i\000o\000n}{subsection.4.7}% 31
\BOOKMARK [2][-]{subsection.4.8}{\376\377\0004\000.\0008\000\040\000c\000o\000n\000s\000t\000a\000n\000t\000s\000.\000h}{section.4}% 32
\BOOKMARK [2][-]{subsection.4.9}{\376\377\0004\000.\0009\000\040\000i\000n\000c\000l\000u\000d\000e\000/\000f\000r\000i\000e\000n\000d\000l\000y\000.\000h\000\040\000F\000i\000l\000e\000\040\000R\000e\000f\000e\000r\000e\000n\000c\000e}{section.4}% 33
\BOOKMARK [3][-]{subsubsection.4.9.1}{\376\377\0004\000.\0009\000.\0001\000\040\000D\000e\000t\000a\000i\000l\000e\000d\000\040\000D\000e\000s\000c\000r\000i\000p\000t\000i\000o\000n}{subsection.4.9}% 34
\BOOKMARK [3][-]{subsubsection.4.9.2}{\376\377\0004\000.\0009\000.\0002\000\040\000M\000a\000c\000r\000o\000\040\000D\000e\000f\000i\000n\000i\000t\000i\000o\000n\000\040\000D\000o\000c\000u\000m\000e\000n\000t\000a\000t\000i\000o\000n}{subsection.4.9}% 35
\BOOKMARK [2][-]{subsection.4.10}{\376\377\0004\000.\0001\0000\000\040\000f\000r\000i\000e\000n\000d\000l\000y\000.\000h}{section.4}% 36
\BOOKMARK [2][-]{subsection.4.11}{\376\377\0004\000.\0001\0001\000\040\000i\000n\000c\000l\000u\000d\000e\000/\000l\000c\000d\000d\000i\000a\000g\000.\000h\000\040\000F\000i\000l\000e\000\040\000R\000e\000f\000e\000r\000e\000n\000c\000e}{section.4}% 37
\BOOKMARK [3][-]{subsubsection.4.11.1}{\376\377\0004\000.\0001\0001\000.\0001\000\040\000D\000e\000t\000a\000i\000l\000e\000d\000\040\000D\000e\000s\000c\000r\000i\000p\000t\000i\000o\000n}{subsection.4.11}% 38
\BOOKMARK [3][-]{subsubsection.4.11.2}{\376\377\0004\000.\0001\0001\000.\0002\000\040\000M\000a\000c\000r\000o\000\040\000D\000e\000f\000i\000n\000i\000t\000i\000o\000n\000\040\000D\000o\000c\000u\000m\000e\000n\000t\000a\000t\000i\000o\000n}{subsection.4.11}% 39
\BOOKMARK [3][-]{subsubsection.4.11.3}{\376\377\0004\000.\0001\0001\000.\0003\000\040\000T\000y\000p\000e\000d\000e\000f\000\040\000D\000o\000c\000u\000m\000e\000n\000t\000a\000t\000i\000o\000n}{subsection.4.11}% 40
\BOOKMARK [3][-]{subsubsection.4.11.4}{\376\377\0004\000.\0001\0001\000.\0004\000\040\000F\000u\000n\000c\000t\000i\000o\000n\000\040\000D\000o\000c\000u\000m\000e\000n\000t\000a\000t\000i\000o\000n}{subsection.4.11}% 41
\BOOKMARK [3][-]{subsubsection.4.11.5}{\376\377\0004\000.\0001\0001\000.\0005\000\040\000V\000a\000r\000i\000a\000b\000l\000e\000\040\000D\000o\000c\000u\000m\000e\000n\000t\000a\000t\000i\000o\000n}{subsection.4.11}% 42
\BOOKMARK [2][-]{subsection.4.12}{\376\377\0004\000.\0001\0002\000\040\000l\000c\000d\000d\000i\000a\000g\000.\000h}{section.4}% 43
\BOOKMARK [2][-]{subsection.4.13}{\376\377\0004\000.\0001\0003\000\040\000i\000n\000c\000l\000u\000d\000e\000/\000l\000c\000d\000m\000s\000g\000.\000h\000\040\000F\000i\000l\000e\000\040\000R\000e\000f\000e\000r\000e\000n\000c\000e}{section.4}% 44
\BOOKMARK [3][-]{subsubsection.4.13.1}{\376\377\0004\000.\0001\0003\000.\0001\000\040\000D\000e\000t\000a\000i\000l\000e\000d\000\040\000D\000e\000s\000c\000r\000i\000p\000t\000i\000o\000n}{subsection.4.13}% 45
\BOOKMARK [3][-]{subsubsection.4.13.2}{\376\377\0004\000.\0001\0003\000.\0002\000\040\000M\000a\000c\000r\000o\000\040\000D\000e\000f\000i\000n\000i\000t\000i\000o\000n\000\040\000D\000o\000c\000u\000m\000e\000n\000t\000a\000t\000i\000o\000n}{subsection.4.13}% 46
\BOOKMARK [3][-]{subsubsection.4.13.3}{\376\377\0004\000.\0001\0003\000.\0003\000\040\000F\000u\000n\000c\000t\000i\000o\000n\000\040\000D\000o\000c\000u\000m\000e\000n\000t\000a\000t\000i\000o\000n}{subsection.4.13}% 47
\BOOKMARK [3][-]{subsubsection.4.13.4}{\376\377\0004\000.\0001\0003\000.\0004\000\040\000V\000a\000r\000i\000a\000b\000l\000e\000\040\000D\000o\000c\000u\000m\000e\000n\000t\000a\000t\000i\000o\000n}{subsection.4.13}% 48
\BOOKMARK [2][-]{subsection.4.14}{\376\377\0004\000.\0001\0004\000\040\000l\000c\000d\000m\000s\000g\000.\000h}{section.4}% 49
\BOOKMARK [2][-]{subsection.4.15}{\376\377\0004\000.\0001\0005\000\040\000i\000n\000c\000l\000u\000d\000e\000/\000m\000a\000c\000r\000o\000s\000.\000h\000\040\000F\000i\000l\000e\000\040\000R\000e\000f\000e\000r\000e\000n\000c\000e}{section.4}% 50
\BOOKMARK [3][-]{subsubsection.4.15.1}{\376\377\0004\000.\0001\0005\000.\0001\000\040\000D\000e\000t\000a\000i\000l\000e\000d\000\040\000D\000e\000s\000c\000r\000i\000p\000t\000i\000o\000n}{subsection.4.15}% 51
\BOOKMARK [3][-]{subsubsection.4.15.2}{\376\377\0004\000.\0001\0005\000.\0002\000\040\000M\000a\000c\000r\000o\000\040\000D\000e\000f\000i\000n\000i\000t\000i\000o\000n\000\040\000D\000o\000c\000u\000m\000e\000n\000t\000a\000t\000i\000o\000n}{subsection.4.15}% 52
\BOOKMARK [2][-]{subsection.4.16}{\376\377\0004\000.\0001\0006\000\040\000m\000a\000c\000r\000o\000s\000.\000h}{section.4}% 53
\BOOKMARK [2][-]{subsection.4.17}{\376\377\0004\000.\0001\0007\000\040\000i\000n\000c\000l\000u\000d\000e\000/\000m\000a\000i\000n\000.\000h\000\040\000F\000i\000l\000e\000\040\000R\000e\000f\000e\000r\000e\000n\000c\000e}{section.4}% 54
\BOOKMARK [3][-]{subsubsection.4.17.1}{\376\377\0004\000.\0001\0007\000.\0001\000\040\000D\000e\000t\000a\000i\000l\000e\000d\000\040\000D\000e\000s\000c\000r\000i\000p\000t\000i\000o\000n}{subsection.4.17}% 55
\BOOKMARK [3][-]{subsubsection.4.17.2}{\376\377\0004\000.\0001\0007\000.\0002\000\040\000F\000u\000n\000c\000t\000i\000o\000n\000\040\000D\000o\000c\000u\000m\000e\000n\000t\000a\000t\000i\000o\000n}{subsection.4.17}% 56
\BOOKMARK [2][-]{subsection.4.18}{\376\377\0004\000.\0001\0008\000\040\000m\000a\000i\000n\000.\000h}{section.4}% 57
\BOOKMARK [2][-]{subsection.4.19}{\376\377\0004\000.\0001\0009\000\040\000i\000n\000c\000l\000u\000d\000e\000/\000m\000o\000t\000o\000r\000s\000.\000h\000\040\000F\000i\000l\000e\000\040\000R\000e\000f\000e\000r\000e\000n\000c\000e}{section.4}% 58
\BOOKMARK [3][-]{subsubsection.4.19.1}{\376\377\0004\000.\0001\0009\000.\0001\000\040\000D\000e\000t\000a\000i\000l\000e\000d\000\040\000D\000e\000s\000c\000r\000i\000p\000t\000i\000o\000n}{subsection.4.19}% 59
\BOOKMARK [3][-]{subsubsection.4.19.2}{\376\377\0004\000.\0001\0009\000.\0002\000\040\000M\000a\000c\000r\000o\000\040\000D\000e\000f\000i\000n\000i\000t\000i\000o\000n\000\040\000D\000o\000c\000u\000m\000e\000n\000t\000a\000t\000i\000o\000n}{subsection.4.19}% 60
\BOOKMARK [3][-]{subsubsection.4.19.3}{\376\377\0004\000.\0001\0009\000.\0003\000\040\000F\000u\000n\000c\000t\000i\000o\000n\000\040\000D\000o\000c\000u\000m\000e\000n\000t\000a\000t\000i\000o\000n}{subsection.4.19}% 61
\BOOKMARK [2][-]{subsection.4.20}{\376\377\0004\000.\0002\0000\000\040\000m\000o\000t\000o\000r\000s\000.\000h}{section.4}% 62
\BOOKMARK [2][-]{subsection.4.21}{\376\377\0004\000.\0002\0001\000\040\000i\000n\000c\000l\000u\000d\000e\000/\000o\000p\000c\000o\000n\000t\000r\000o\000l\000.\000h\000\040\000F\000i\000l\000e\000\040\000R\000e\000f\000e\000r\000e\000n\000c\000e}{section.4}% 63
\BOOKMARK [3][-]{subsubsection.4.21.1}{\376\377\0004\000.\0002\0001\000.\0001\000\040\000D\000e\000t\000a\000i\000l\000e\000d\000\040\000D\000e\000s\000c\000r\000i\000p\000t\000i\000o\000n}{subsection.4.21}% 64
\BOOKMARK [3][-]{subsubsection.4.21.2}{\376\377\0004\000.\0002\0001\000.\0002\000\040\000F\000u\000n\000c\000t\000i\000o\000n\000\040\000D\000o\000c\000u\000m\000e\000n\000t\000a\000t\000i\000o\000n}{subsection.4.21}% 65
\BOOKMARK [3][-]{subsubsection.4.21.3}{\376\377\0004\000.\0002\0001\000.\0003\000\040\000V\000a\000r\000i\000a\000b\000l\000e\000\040\000D\000o\000c\000u\000m\000e\000n\000t\000a\000t\000i\000o\000n}{subsection.4.21}% 66
\BOOKMARK [2][-]{subsection.4.22}{\376\377\0004\000.\0002\0002\000\040\000o\000p\000c\000o\000n\000t\000r\000o\000l\000.\000h}{section.4}% 67
\BOOKMARK [2][-]{subsection.4.23}{\376\377\0004\000.\0002\0003\000\040\000i\000n\000c\000l\000u\000d\000e\000/\000s\000e\000n\000s\000o\000r\000s\000.\000h\000\040\000F\000i\000l\000e\000\040\000R\000e\000f\000e\000r\000e\000n\000c\000e}{section.4}% 68
\BOOKMARK [3][-]{subsubsection.4.23.1}{\376\377\0004\000.\0002\0003\000.\0001\000\040\000D\000e\000t\000a\000i\000l\000e\000d\000\040\000D\000e\000s\000c\000r\000i\000p\000t\000i\000o\000n}{subsection.4.23}% 69
\BOOKMARK [3][-]{subsubsection.4.23.2}{\376\377\0004\000.\0002\0003\000.\0002\000\040\000M\000a\000c\000r\000o\000\040\000D\000e\000f\000i\000n\000i\000t\000i\000o\000n\000\040\000D\000o\000c\000u\000m\000e\000n\000t\000a\000t\000i\000o\000n}{subsection.4.23}% 70
\BOOKMARK [3][-]{subsubsection.4.23.3}{\376\377\0004\000.\0002\0003\000.\0003\000\040\000F\000u\000n\000c\000t\000i\000o\000n\000\040\000D\000o\000c\000u\000m\000e\000n\000t\000a\000t\000i\000o\000n}{subsection.4.23}% 71
\BOOKMARK [3][-]{subsubsection.4.23.4}{\376\377\0004\000.\0002\0003\000.\0004\000\040\000V\000a\000r\000i\000a\000b\000l\000e\000\040\000D\000o\000c\000u\000m\000e\000n\000t\000a\000t\000i\000o\000n}{subsection.4.23}% 72
\BOOKMARK [2][-]{subsection.4.24}{\376\377\0004\000.\0002\0004\000\040\000s\000e\000n\000s\000o\000r\000s\000.\000h}{section.4}% 73
\BOOKMARK [2][-]{subsection.4.25}{\376\377\0004\000.\0002\0005\000\040\000s\000r\000c\000/\000a\000u\000t\000o\000.\000c\000\040\000F\000i\000l\000e\000\040\000R\000e\000f\000e\000r\000e\000n\000c\000e}{section.4}% 74
\BOOKMARK [3][-]{subsubsection.4.25.1}{\376\377\0004\000.\0002\0005\000.\0001\000\040\000D\000e\000t\000a\000i\000l\000e\000d\000\040\000D\000e\000s\000c\000r\000i\000p\000t\000i\000o\000n}{subsection.4.25}% 75
\BOOKMARK [3][-]{subsubsection.4.25.2}{\376\377\0004\000.\0002\0005\000.\0002\000\040\000F\000u\000n\000c\000t\000i\000o\000n\000\040\000D\000o\000c\000u\000m\000e\000n\000t\000a\000t\000i\000o\000n}{subsection.4.25}% 76
\BOOKMARK [2][-]{subsection.4.26}{\376\377\0004\000.\0002\0006\000\040\000a\000u\000t\000o\000.\000c}{section.4}% 77
\BOOKMARK [2][-]{subsection.4.27}{\376\377\0004\000.\0002\0007\000\040\000s\000r\000c\000/\000a\000u\000t\000o\000n\000r\000e\000c\000o\000r\000d\000e\000r\000.\000c\000\040\000F\000i\000l\000e\000\040\000R\000e\000f\000e\000r\000e\000n\000c\000e}{section.4}% 78
\BOOKMARK [3][-]{subsubsection.4.27.1}{\376\377\0004\000.\0002\0007\000.\0001\000\040\000D\000e\000t\000a\000i\000l\000e\000d\000\040\000D\000e\000s\000c\000r\000i\000p\000t\000i\000o\000n}{subsection.4.27}% 79
\BOOKMARK [3][-]{subsubsection.4.27.2}{\376\377\0004\000.\0002\0007\000.\0002\000\040\000F\000u\000n\000c\000t\000i\000o\000n\000\040\000D\000o\000c\000u\000m\000e\000n\000t\000a\000t\000i\000o\000n}{subsection.4.27}% 80
\BOOKMARK [3][-]{subsubsection.4.27.3}{\376\377\0004\000.\0002\0007\000.\0003\000\040\000V\000a\000r\000i\000a\000b\000l\000e\000\040\000D\000o\000c\000u\000m\000e\000n\000t\000a\000t\000i\000o\000n}{subsection.4.27}% 81
\BOOKMARK [2][-]{subsection.4.28}{\376\377\0004\000.\0002\0008\000\040\000a\000u\000t\000o\000n\000r\000e\000c\000o\000r\000d\000e\000r\000.\000c}{section.4}% 82
\BOOKMARK [2][-]{subsection.4.29}{\376\377\0004\000.\0002\0009\000\040\000s\000r\000c\000/\000a\000u\000t\000o\000n\000r\000o\000u\000t\000i\000n\000e\000s\000.\000c\000\040\000F\000i\000l\000e\000\040\000R\000e\000f\000e\000r\000e\000n\000c\000e}{section.4}% 83
\BOOKMARK [3][-]{subsubsection.4.29.1}{\376\377\0004\000.\0002\0009\000.\0001\000\040\000D\000e\000t\000a\000i\000l\000e\000d\000\040\000D\000e\000s\000c\000r\000i\000p\000t\000i\000o\000n}{subsection.4.29}% 84
\BOOKMARK [3][-]{subsubsection.4.29.2}{\376\377\0004\000.\0002\0009\000.\0002\000\040\000F\000u\000n\000c\000t\000i\000o\000n\000\040\000D\000o\000c\000u\000m\000e\000n\000t\000a\000t\000i\000o\000n}{subsection.4.29}% 85
\BOOKMARK [2][-]{subsection.4.30}{\376\377\0004\000.\0003\0000\000\040\000a\000u\000t\000o\000n\000r\000o\000u\000t\000i\000n\000e\000s\000.\000c}{section.4}% 86
\BOOKMARK [2][-]{subsection.4.31}{\376\377\0004\000.\0003\0001\000\040\000s\000r\000c\000/\000i\000n\000i\000t\000.\000c\000\040\000F\000i\000l\000e\000\040\000R\000e\000f\000e\000r\000e\000n\000c\000e}{section.4}% 87
\BOOKMARK [3][-]{subsubsection.4.31.1}{\376\377\0004\000.\0003\0001\000.\0001\000\040\000D\000e\000t\000a\000i\000l\000e\000d\000\040\000D\000e\000s\000c\000r\000i\000p\000t\000i\000o\000n}{subsection.4.31}% 88
\BOOKMARK [3][-]{subsubsection.4.31.2}{\376\377\0004\000.\0003\0001\000.\0002\000\040\000F\000u\000n\000c\000t\000i\000o\000n\000\040\000D\000o\000c\000u\000m\000e\000n\000t\000a\000t\000i\000o\000n}{subsection.4.31}% 89
\BOOKMARK [2][-]{subsection.4.32}{\376\377\0004\000.\0003\0002\000\040\000i\000n\000i\000t\000.\000c}{section.4}% 90
\BOOKMARK [2][-]{subsection.4.33}{\376\377\0004\000.\0003\0003\000\040\000s\000r\000c\000/\000l\000c\000d\000d\000i\000a\000g\000.\000c\000\040\000F\000i\000l\000e\000\040\000R\000e\000f\000e\000r\000e\000n\000c\000e}{section.4}% 91
\BOOKMARK [3][-]{subsubsection.4.33.1}{\376\377\0004\000.\0003\0003\000.\0001\000\040\000D\000e\000t\000a\000i\000l\000e\000d\000\040\000D\000e\000s\000c\000r\000i\000p\000t\000i\000o\000n}{subsection.4.33}% 92
\BOOKMARK [3][-]{subsubsection.4.33.2}{\376\377\0004\000.\0003\0003\000.\0002\000\040\000F\000u\000n\000c\000t\000i\000o\000n\000\040\000D\000o\000c\000u\000m\000e\000n\000t\000a\000t\000i\000o\000n}{subsection.4.33}% 93
\BOOKMARK [3][-]{subsubsection.4.33.3}{\376\377\0004\000.\0003\0003\000.\0003\000\040\000V\000a\000r\000i\000a\000b\000l\000e\000\040\000D\000o\000c\000u\000m\000e\000n\000t\000a\000t\000i\000o\000n}{subsection.4.33}% 94
\BOOKMARK [2][-]{subsection.4.34}{\376\377\0004\000.\0003\0004\000\040\000l\000c\000d\000d\000i\000a\000g\000.\000c}{section.4}% 95
\BOOKMARK [2][-]{subsection.4.35}{\376\377\0004\000.\0003\0005\000\040\000s\000r\000c\000/\000l\000c\000d\000m\000s\000g\000.\000c\000\040\000F\000i\000l\000e\000\040\000R\000e\000f\000e\000r\000e\000n\000c\000e}{section.4}% 96
\BOOKMARK [3][-]{subsubsection.4.35.1}{\376\377\0004\000.\0003\0005\000.\0001\000\040\000D\000e\000t\000a\000i\000l\000e\000d\000\040\000D\000e\000s\000c\000r\000i\000p\000t\000i\000o\000n}{subsection.4.35}% 97
\BOOKMARK [3][-]{subsubsection.4.35.2}{\376\377\0004\000.\0003\0005\000.\0002\000\040\000F\000u\000n\000c\000t\000i\000o\000n\000\040\000D\000o\000c\000u\000m\000e\000n\000t\000a\000t\000i\000o\000n}{subsection.4.35}% 98
\BOOKMARK [3][-]{subsubsection.4.35.3}{\376\377\0004\000.\0003\0005\000.\0003\000\040\000V\000a\000r\000i\000a\000b\000l\000e\000\040\000D\000o\000c\000u\000m\000e\000n\000t\000a\000t\000i\000o\000n}{subsection.4.35}% 99
\BOOKMARK [2][-]{subsection.4.36}{\376\377\0004\000.\0003\0006\000\040\000l\000c\000d\000m\000s\000g\000.\000c}{section.4}% 100
\BOOKMARK [2][-]{subsection.4.37}{\376\377\0004\000.\0003\0007\000\040\000s\000r\000c\000/\000m\000o\000t\000o\000r\000s\000.\000c\000\040\000F\000i\000l\000e\000\040\000R\000e\000f\000e\000r\000e\000n\000c\000e}{section.4}% 101
\BOOKMARK [3][-]{subsubsection.4.37.1}{\376\377\0004\000.\0003\0007\000.\0001\000\040\000D\000e\000t\000a\000i\000l\000e\000d\000\040\000D\000e\000s\000c\000r\000i\000p\000t\000i\000o\000n}{subsection.4.37}% 102
\BOOKMARK [3][-]{subsubsection.4.37.2}{\376\377\0004\000.\0003\0007\000.\0002\000\040\000F\000u\000n\000c\000t\000i\000o\000n\000\040\000D\000o\000c\000u\000m\000e\000n\000t\000a\000t\000i\000o\000n}{subsection.4.37}% 103
\BOOKMARK [2][-]{subsection.4.38}{\376\377\0004\000.\0003\0008\000\040\000m\000o\000t\000o\000r\000s\000.\000c}{section.4}% 104
\BOOKMARK [2][-]{subsection.4.39}{\376\377\0004\000.\0003\0009\000\040\000s\000r\000c\000/\000o\000p\000c\000o\000n\000t\000r\000o\000l\000.\000c\000\040\000F\000i\000l\000e\000\040\000R\000e\000f\000e\000r\000e\000n\000c\000e}{section.4}% 105
\BOOKMARK [3][-]{subsubsection.4.39.1}{\376\377\0004\000.\0003\0009\000.\0001\000\040\000D\000e\000t\000a\000i\000l\000e\000d\000\040\000D\000e\000s\000c\000r\000i\000p\000t\000i\000o\000n}{subsection.4.39}% 106
\BOOKMARK [3][-]{subsubsection.4.39.2}{\376\377\0004\000.\0003\0009\000.\0002\000\040\000F\000u\000n\000c\000t\000i\000o\000n\000\040\000D\000o\000c\000u\000m\000e\000n\000t\000a\000t\000i\000o\000n}{subsection.4.39}% 107
\BOOKMARK [3][-]{subsubsection.4.39.3}{\376\377\0004\000.\0003\0009\000.\0003\000\040\000V\000a\000r\000i\000a\000b\000l\000e\000\040\000D\000o\000c\000u\000m\000e\000n\000t\000a\000t\000i\000o\000n}{subsection.4.39}% 108
\BOOKMARK [2][-]{subsection.4.40}{\376\377\0004\000.\0004\0000\000\040\000o\000p\000c\000o\000n\000t\000r\000o\000l\000.\000c}{section.4}% 109
\BOOKMARK [2][-]{subsection.4.41}{\376\377\0004\000.\0004\0001\000\040\000s\000r\000c\000/\000s\000e\000n\000s\000o\000r\000s\000.\000c\000\040\000F\000i\000l\000e\000\040\000R\000e\000f\000e\000r\000e\000n\000c\000e}{section.4}% 110
\BOOKMARK [3][-]{subsubsection.4.41.1}{\376\377\0004\000.\0004\0001\000.\0001\000\040\000D\000e\000t\000a\000i\000l\000e\000d\000\040\000D\000e\000s\000c\000r\000i\000p\000t\000i\000o\000n}{subsection.4.41}% 111
\BOOKMARK [3][-]{subsubsection.4.41.2}{\376\377\0004\000.\0004\0001\000.\0002\000\040\000V\000a\000r\000i\000a\000b\000l\000e\000\040\000D\000o\000c\000u\000m\000e\000n\000t\000a\000t\000i\000o\000n}{subsection.4.41}% 112
\BOOKMARK [2][-]{subsection.4.42}{\376\377\0004\000.\0004\0002\000\040\000s\000e\000n\000s\000o\000r\000s\000.\000c}{section.4}% 113
\BOOKMARK [1][-]{section*.44}{\376\377\000I\000n\000d\000e\000x}{}% 114
